<?xml version="1.0" encoding="UTF-8"?>
<!-- Generated by org.testng.reporters.JUnitXMLReporter -->
<testsuite hostname="DESKTOP-VJ5UG09" ignored="2" tests="0" failures="0" timestamp="20 Dec 2022 13:42:14 GMT" time="0.0" errors="0">
  <testcase name="productaddedtoCart" time="0.0" classname="test.RahulshettyProject1.ErrorValidationsTest">
    <ignored/>
  </testcase> <!-- productaddedtoCart -->
  <testcase name="invalidLogin" time="0.0" classname="test.RahulshettyProject1.ErrorValidationsTest">
    <ignored/>
  </testcase> <!-- invalidLogin -->
</testsuite>
