<?xml version="1.0" encoding="UTF-8"?>
<!-- Generated by org.testng.reporters.JUnitXMLReporter -->
<testsuite hostname="DESKTOP-VJ5UG09" ignored="1" name="Submit Order Test" tests="2" failures="0" timestamp="20 Dec 2022 13:42:14 GMT" time="102.867" errors="0">
  <testcase name="submitOrderTest" time="14.056" classname="test.RahulshettyProject1.ShoppingPageTest"/>
  <testcase name="submitOrderTest" time="13.058" classname="test.RahulshettyProject1.ShoppingPageTest"/>
  <testcase name="orderConfirmation" time="0.0" classname="test.RahulshettyProject1.ShoppingPageTest">
    <ignored/>
  </testcase> <!-- orderConfirmation -->
</testsuite> <!-- Submit Order Test -->
