<?xml version="1.0" encoding="UTF-8"?>
<testng-results skipped="0" failed="0" ignored="3" total="5" passed="2">
  <reporter-output>
  </reporter-output>
  <suite name="Suite" duration-ms="103426" started-at="2022-12-20T13:40:31Z" finished-at="2022-12-20T13:42:14Z">
    <groups>
      <group name="purchase">
        <method signature="ShoppingPageTest.submitOrderTest(java.util.HashMap)[pri:0, instance:test.RahulshettyProject1.ShoppingPageTest@604ed9f0]" name="submitOrderTest" class="test.RahulshettyProject1.ShoppingPageTest"/>
      </group> <!-- purchase -->
    </groups>
    <test name="Submit Order Test" duration-ms="102867" started-at="2022-12-20T13:40:31Z" finished-at="2022-12-20T13:42:13Z">
      <class name="test.RahulshettyProject1.ShoppingPageTest">
        <test-method status="PASS" signature="launchApplication()[pri:0, instance:test.RahulshettyProject1.ShoppingPageTest@604ed9f0]" name="launchApplication" is-config="true" duration-ms="52469" started-at="2022-12-20T13:40:31Z" finished-at="2022-12-20T13:41:24Z">
          <reporter-output>
          </reporter-output>
        </test-method> <!-- launchApplication -->
        <test-method status="PASS" signature="submitOrderTest(java.util.HashMap)[pri:0, instance:test.RahulshettyProject1.ShoppingPageTest@604ed9f0]" name="submitOrderTest" duration-ms="14056" started-at="2022-12-20T13:41:24Z" data-provider="getData" finished-at="2022-12-20T13:41:38Z">
          <params>
            <param index="0">
              <value>
                <![CDATA[{password=Harish@123, product=ZARA COAT 3, email=testautomation0691@gmail.com}]]>
              </value>
            </param>
          </params>
          <reporter-output>
          </reporter-output>
        </test-method> <!-- submitOrderTest -->
        <test-method status="PASS" signature="tearDown()[pri:0, instance:test.RahulshettyProject1.ShoppingPageTest@604ed9f0]" name="tearDown" is-config="true" duration-ms="4896" started-at="2022-12-20T13:41:38Z" finished-at="2022-12-20T13:41:43Z">
          <reporter-output>
          </reporter-output>
        </test-method> <!-- tearDown -->
        <test-method status="PASS" signature="launchApplication()[pri:0, instance:test.RahulshettyProject1.ShoppingPageTest@604ed9f0]" name="launchApplication" is-config="true" duration-ms="17534" started-at="2022-12-20T13:41:43Z" finished-at="2022-12-20T13:42:00Z">
          <reporter-output>
          </reporter-output>
        </test-method> <!-- launchApplication -->
        <test-method status="PASS" signature="submitOrderTest(java.util.HashMap)[pri:0, instance:test.RahulshettyProject1.ShoppingPageTest@604ed9f0]" name="submitOrderTest" duration-ms="13058" started-at="2022-12-20T13:42:00Z" data-provider="getData" finished-at="2022-12-20T13:42:13Z">
          <params>
            <param index="0">
              <value>
                <![CDATA[{password=Harish@123, product=ADIDAS ORIGINAL, email=harishr24690@gmail.com}]]>
              </value>
            </param>
          </params>
          <reporter-output>
          </reporter-output>
        </test-method> <!-- submitOrderTest -->
        <test-method status="PASS" signature="tearDown()[pri:0, instance:test.RahulshettyProject1.ShoppingPageTest@604ed9f0]" name="tearDown" is-config="true" duration-ms="295" started-at="2022-12-20T13:42:13Z" finished-at="2022-12-20T13:42:13Z">
          <reporter-output>
          </reporter-output>
        </test-method> <!-- tearDown -->
      </class> <!-- test.RahulshettyProject1.ShoppingPageTest -->
    </test> <!-- Submit Order Test -->
    <test name="ErrorValidationTest" duration-ms="0" started-at="2022-12-20T13:42:14Z" finished-at="2022-12-20T13:42:14Z">
    </test> <!-- ErrorValidationTest -->
  </suite> <!-- Suite -->
</testng-results>
